[debug] [2017-07-14T07:20:25.731Z] ----------------------------------------------------------------------
[debug] [2017-07-14T07:20:25.733Z] Command:      C:\Program Files\nodejs\node.exe C:\Users\punchkub147\AppData\Roaming\npm\node_modules\firebase-tools\bin\firebase serve
[debug] [2017-07-14T07:20:25.734Z] CLI Version:  3.9.1
[debug] [2017-07-14T07:20:25.734Z] Platform:     win32
[debug] [2017-07-14T07:20:25.734Z] Node Version: v8.1.2
[debug] [2017-07-14T07:20:25.734Z] Time:         Fri Jul 14 2017 14:20:25 GMT+0700 (SE Asia Standard Time)
[debug] [2017-07-14T07:20:25.734Z] ----------------------------------------------------------------------
[debug] 
[debug] [2017-07-14T07:20:25.756Z] > command requires scopes: ["email","openid","https://www.googleapis.com/auth/cloudplatformprojects.readonly","https://www.googleapis.com/auth/firebase","https://www.googleapis.com/auth/cloud-platform"]
[debug] [2017-07-14T07:20:25.756Z] > authorizing via signed-in user
[debug] [2017-07-14T07:20:25.758Z] >>> HTTP REQUEST GET https://admin.firebase.com/v1/projects/sparking-d3380  
 Fri Jul 14 2017 14:20:25 GMT+0700 (SE Asia Standard Time)
[debug] [2017-07-14T07:20:26.941Z] <<< HTTP RESPONSE 200
[debug] [2017-07-14T07:20:26.942Z] >>> HTTP REQUEST GET https://admin.firebase.com/v1/database/sparking-d3380/tokens  
 Fri Jul 14 2017 14:20:26 GMT+0700 (SE Asia Standard Time)
[debug] [2017-07-14T07:20:28.107Z] <<< HTTP RESPONSE 200
[info] 
[info] === Serving from 'C:\Users\punchkub147\Desktop\InternShip\Sparking'...
[info] 
[debug] [2017-07-14T07:20:28.110Z] >>> HTTP REQUEST GET https://cloudresourcemanager.googleapis.com/v1/projects/sparking-d3380  
 Fri Jul 14 2017 14:20:28 GMT+0700 (SE Asia Standard Time)
[debug] [2017-07-14T07:20:29.444Z] <<< HTTP RESPONSE 200
[debug] [2017-07-14T07:20:29.444Z] >>> HTTP REQUEST GET https://mobilesdk-pa.googleapis.com/v1/projects/473975625968/clients/_:getWebAppConfig  
 Fri Jul 14 2017 14:20:29 GMT+0700 (SE Asia Standard Time)
[debug] [2017-07-14T07:20:30.269Z] <<< HTTP RESPONSE 200
[info] i  hosting: Serving hosting files from: build
[info] +  hosting: Local server: http://localhost:5000

